<?xml version="1.0" encoding="UTF-8"?>
<!-- Generated by org.testng.reporters.JUnitReportReporter -->
<testsuite hostname="LAPTOP-QLVET0FS" failures="0" tests="2" name="parallel.ParallelRunner" time="35.671" errors="2" timestamp="2024-05-01T20:56:22 IST" skipped="0">
  <testcase classname="parallel.ParallelRunner" name="runScenario" time="17.922">
    <error message="Index -1 out of bounds for length 0" type="java.lang.ArrayIndexOutOfBoundsException">
      <![CDATA[java.lang.ArrayIndexOutOfBoundsException: Index -1 out of bounds for length 0
at parallel.DerivedProduct2Steps.attachFile(DerivedProduct2Steps.java:101)
at parallel.DerivedProduct2Steps.i_can_write_all_hyperlinks_in_file(DerivedProduct2Steps.java:75)
at ✽.I can write all hyperlinks in "hyperLinks.csv" file(file:///C:/Users/Avijit%20Das/eclipse-workspace/DemoTesting/VeevaProject/src/test/resources/parallel/CoreProduct.feature:29)
]]>
    </error>
  </testcase> <!-- runScenario -->
  <testcase classname="parallel.ParallelRunner" name="runScenario" time="17.749">
    <error message="Index -1 out of bounds for length 0" type="java.lang.ArrayIndexOutOfBoundsException">
      <![CDATA[java.lang.ArrayIndexOutOfBoundsException: Index -1 out of bounds for length 0
at parallel.DerivedProduct2Steps.attachFile(DerivedProduct2Steps.java:101)
at parallel.DerivedProduct2Steps.i_can_write_all_hyperlinks_in_file(DerivedProduct2Steps.java:75)
at ✽.I can write all hyperlinks in "hyperLinks.csv" file(file:///C:/Users/Avijit%20Das/eclipse-workspace/DemoTesting/VeevaProject/src/test/resources/parallel/DerivedProduct2.feature:14)
]]>
    </error>
  </testcase> <!-- runScenario -->
</testsuite> <!-- parallel.ParallelRunner -->
